<?xml version="1.0" encoding="UTF-8"?>
<testsuites name="jest tests" tests="4" failures="0" errors="0" time="4.77">
  <testsuite name="AppRoutingModule" errors="0" failures="0" skipped="0" timestamp="2021-02-24T16:34:02" time="2.005" tests="1">
    <testcase classname="AppRoutingModule should create an instance" name="AppRoutingModule should create an instance" time="0.004">
    </testcase>
  </testsuite>
  <testsuite name="AppComponent" errors="0" failures="0" skipped="0" timestamp="2021-02-24T16:34:02" time="3.122" tests="3">
    <testcase classname="AppComponent should create the app" name="AppComponent should create the app" time="0.42">
    </testcase>
    <testcase classname="AppComponent should have as title &apos;mspr-recipe-front&apos;" name="AppComponent should have as title &apos;mspr-recipe-front&apos;" time="0.234">
    </testcase>
    <testcase classname="AppComponent should render title" name="AppComponent should render title" time="0.172">
    </testcase>
  </testsuite>
</testsuites>