<?xml version="1.0" encoding="UTF-8"?>
<testsuites name="jest tests" tests="4" failures="0" errors="0" time="2.567">
  <testsuite name="AppRoutingModule" errors="0" failures="0" skipped="0" timestamp="2021-02-23T10:38:58" time="1.106" tests="1">
    <testcase classname="AppRoutingModule should create an instance" name="AppRoutingModule should create an instance" time="0.003">
    </testcase>
  </testsuite>
  <testsuite name="AppComponent" errors="0" failures="0" skipped="0" timestamp="2021-02-23T10:38:58" time="1.602" tests="3">
    <testcase classname="AppComponent should create the app" name="AppComponent should create the app" time="0.255">
    </testcase>
    <testcase classname="AppComponent should have as title &apos;mspr-recipe-front&apos;" name="AppComponent should have as title &apos;mspr-recipe-front&apos;" time="0.133">
    </testcase>
    <testcase classname="AppComponent should render title" name="AppComponent should render title" time="0.105">
    </testcase>
  </testsuite>
</testsuites>