<?xml version="1.0" encoding="UTF-8"?>
<testsuites name="jest tests" tests="3" failures="0" errors="0" time="1.782">
  <testsuite name="AppComponent" errors="0" failures="0" skipped="0" timestamp="2021-02-22T09:33:52" time="1.352" tests="3">
    <testcase classname="AppComponent should create the app" name="AppComponent should create the app" time="0.217">
    </testcase>
    <testcase classname="AppComponent should have as title &apos;mspr-recipe-front&apos;" name="AppComponent should have as title &apos;mspr-recipe-front&apos;" time="0.121">
    </testcase>
    <testcase classname="AppComponent should render title" name="AppComponent should render title" time="0.09">
    </testcase>
  </testsuite>
</testsuites>