<?xml version="1.0" encoding="UTF-8"?>
<testsuites name="jest tests" tests="4" failures="0" errors="0" time="2.224">
  <testsuite name="AppRoutingModule" errors="0" failures="0" skipped="0" timestamp="2021-02-22T10:36:26" time="0.979" tests="1">
    <testcase classname="AppRoutingModule should create an instance" name="AppRoutingModule should create an instance" time="0.003">
    </testcase>
  </testsuite>
  <testsuite name="AppComponent" errors="0" failures="0" skipped="0" timestamp="2021-02-22T10:36:26" time="1.411" tests="3">
    <testcase classname="AppComponent should create the app" name="AppComponent should create the app" time="0.218">
    </testcase>
    <testcase classname="AppComponent should have as title &apos;mspr-recipe-front&apos;" name="AppComponent should have as title &apos;mspr-recipe-front&apos;" time="0.12">
    </testcase>
    <testcase classname="AppComponent should render title" name="AppComponent should render title" time="0.098">
    </testcase>
  </testsuite>
</testsuites>